<?xml version="1.0" encoding="UTF-8"?>
<testsuite xmlns:xsi="http://www.w3.org/2001/XMLSchema-instance" xsi:noNamespaceSchemaLocation="https://maven.apache.org/surefire/maven-surefire-plugin/xsd/surefire-test-report.xsd" name="com.crackjob.fellowcoders.SendingMailFromExcell.AppTest" time="0.363" tests="1" errors="0" skipped="0" failures="0">
  <properties>
    <property name="sun.desktop" value="windows"/>
    <property name="awt.toolkit" value="sun.awt.windows.WToolkit"/>
    <property name="file.encoding.pkg" value="sun.io"/>
    <property name="java.specification.version" value="1.8"/>
    <property name="sun.cpu.isalist" value="pentium_pro+mmx pentium_pro pentium+mmx pentium i486 i386 i86"/>
    <property name="sun.jnu.encoding" value="Cp1252"/>
    <property name="java.class.path" value="D:\java workspace\SendingMailFromExcell\target\test-classes;D:\java workspace\SendingMailFromExcell\target\classes;C:\Users\SANJAY PAUL\.m2\repository\junit\junit\4.11\junit-4.11.jar;C:\Users\SANJAY PAUL\.m2\repository\org\hamcrest\hamcrest-core\1.3\hamcrest-core-1.3.jar;C:\Users\SANJAY PAUL\.m2\repository\org\apache\poi\poi-ooxml\3.16\poi-ooxml-3.16.jar;C:\Users\SANJAY PAUL\.m2\repository\org\apache\poi\poi\3.16\poi-3.16.jar;C:\Users\SANJAY PAUL\.m2\repository\commons-codec\commons-codec\1.10\commons-codec-1.10.jar;C:\Users\SANJAY PAUL\.m2\repository\org\apache\commons\commons-collections4\4.1\commons-collections4-4.1.jar;C:\Users\SANJAY PAUL\.m2\repository\org\apache\poi\poi-ooxml-schemas\3.16\poi-ooxml-schemas-3.16.jar;C:\Users\SANJAY PAUL\.m2\repository\org\apache\xmlbeans\xmlbeans\2.6.0\xmlbeans-2.6.0.jar;C:\Users\SANJAY PAUL\.m2\repository\stax\stax-api\1.0.1\stax-api-1.0.1.jar;C:\Users\SANJAY PAUL\.m2\repository\com\github\virtuald\curvesapi\1.04\curvesapi-1.04.jar;C:\Users\SANJAY PAUL\.m2\repository\javax\mail\mail\1.4\mail-1.4.jar;C:\Users\SANJAY PAUL\.m2\repository\javax\activation\activation\1.1\activation-1.1.jar;"/>
    <property name="java.vm.vendor" value="Oracle Corporation"/>
    <property name="sun.arch.data.model" value="32"/>
    <property name="user.variant" value=""/>
    <property name="java.vendor.url" value="http://java.oracle.com/"/>
    <property name="user.timezone" value="Asia/Calcutta"/>
    <property name="java.vm.specification.version" value="1.8"/>
    <property name="os.name" value="Windows 10"/>
    <property name="user.country" value="US"/>
    <property name="sun.java.launcher" value="SUN_STANDARD"/>
    <property name="sun.boot.library.path" value="C:\Users\SANJAY PAUL\Downloads\openlogic-openjdk-8u262-b10-windows-x32\openlogic-openjdk-8u262-b10-win-32\jre\bin"/>
    <property name="sun.java.command" value="C:\Users\SANJAY~1\AppData\Local\Temp\surefire4989283290540562183\surefirebooter5979938672562237895.jar C:\Users\SANJAY PAUL\AppData\Local\Temp\surefire4989283290540562183 2020-12-29T22-39-28_370-jvmRun1 surefire2217196588327237205tmp surefire_07834370842264644877tmp"/>
    <property name="surefire.test.class.path" value="D:\java workspace\SendingMailFromExcell\target\test-classes;D:\java workspace\SendingMailFromExcell\target\classes;C:\Users\SANJAY PAUL\.m2\repository\junit\junit\4.11\junit-4.11.jar;C:\Users\SANJAY PAUL\.m2\repository\org\hamcrest\hamcrest-core\1.3\hamcrest-core-1.3.jar;C:\Users\SANJAY PAUL\.m2\repository\org\apache\poi\poi-ooxml\3.16\poi-ooxml-3.16.jar;C:\Users\SANJAY PAUL\.m2\repository\org\apache\poi\poi\3.16\poi-3.16.jar;C:\Users\SANJAY PAUL\.m2\repository\commons-codec\commons-codec\1.10\commons-codec-1.10.jar;C:\Users\SANJAY PAUL\.m2\repository\org\apache\commons\commons-collections4\4.1\commons-collections4-4.1.jar;C:\Users\SANJAY PAUL\.m2\repository\org\apache\poi\poi-ooxml-schemas\3.16\poi-ooxml-schemas-3.16.jar;C:\Users\SANJAY PAUL\.m2\repository\org\apache\xmlbeans\xmlbeans\2.6.0\xmlbeans-2.6.0.jar;C:\Users\SANJAY PAUL\.m2\repository\stax\stax-api\1.0.1\stax-api-1.0.1.jar;C:\Users\SANJAY PAUL\.m2\repository\com\github\virtuald\curvesapi\1.04\curvesapi-1.04.jar;C:\Users\SANJAY PAUL\.m2\repository\javax\mail\mail\1.4\mail-1.4.jar;C:\Users\SANJAY PAUL\.m2\repository\javax\activation\activation\1.1\activation-1.1.jar;"/>
    <property name="sun.cpu.endian" value="little"/>
    <property name="user.home" value="C:\Users\SANJAY PAUL"/>
    <property name="user.language" value="en"/>
    <property name="java.specification.vendor" value="Oracle Corporation"/>
    <property name="java.home" value="C:\Users\SANJAY PAUL\Downloads\openlogic-openjdk-8u262-b10-windows-x32\openlogic-openjdk-8u262-b10-win-32\jre"/>
    <property name="basedir" value="D:\java workspace\SendingMailFromExcell"/>
    <property name="file.separator" value="\"/>
    <property name="line.separator" value="&#10;"/>
    <property name="java.vm.specification.vendor" value="Oracle Corporation"/>
    <property name="java.specification.name" value="Java Platform API Specification"/>
    <property name="java.awt.graphicsenv" value="sun.awt.Win32GraphicsEnvironment"/>
    <property name="surefire.real.class.path" value="C:\Users\SANJAY~1\AppData\Local\Temp\surefire4989283290540562183\surefirebooter5979938672562237895.jar"/>
    <property name="sun.boot.class.path" value="C:\Users\SANJAY PAUL\Downloads\openlogic-openjdk-8u262-b10-windows-x32\openlogic-openjdk-8u262-b10-win-32\jre\lib\resources.jar;C:\Users\SANJAY PAUL\Downloads\openlogic-openjdk-8u262-b10-windows-x32\openlogic-openjdk-8u262-b10-win-32\jre\lib\rt.jar;C:\Users\SANJAY PAUL\Downloads\openlogic-openjdk-8u262-b10-windows-x32\openlogic-openjdk-8u262-b10-win-32\jre\lib\sunrsasign.jar;C:\Users\SANJAY PAUL\Downloads\openlogic-openjdk-8u262-b10-windows-x32\openlogic-openjdk-8u262-b10-win-32\jre\lib\jsse.jar;C:\Users\SANJAY PAUL\Downloads\openlogic-openjdk-8u262-b10-windows-x32\openlogic-openjdk-8u262-b10-win-32\jre\lib\jce.jar;C:\Users\SANJAY PAUL\Downloads\openlogic-openjdk-8u262-b10-windows-x32\openlogic-openjdk-8u262-b10-win-32\jre\lib\charsets.jar;C:\Users\SANJAY PAUL\Downloads\openlogic-openjdk-8u262-b10-windows-x32\openlogic-openjdk-8u262-b10-win-32\jre\lib\jfr.jar;C:\Users\SANJAY PAUL\Downloads\openlogic-openjdk-8u262-b10-windows-x32\openlogic-openjdk-8u262-b10-win-32\jre\classes"/>
    <property name="user.script" value=""/>
    <property name="sun.management.compiler" value="HotSpot Tiered Compilers"/>
    <property name="java.runtime.version" value="1.8.0-262-b10"/>
    <property name="user.name" value="SANJAY PAUL"/>
    <property name="path.separator" value=";"/>
    <property name="os.version" value="10.0"/>
    <property name="java.endorsed.dirs" value="C:\Users\SANJAY PAUL\Downloads\openlogic-openjdk-8u262-b10-windows-x32\openlogic-openjdk-8u262-b10-win-32\jre\lib\endorsed"/>
    <property name="java.runtime.name" value="OpenJDK Runtime Environment"/>
    <property name="file.encoding" value="Cp1252"/>
    <property name="java.vm.name" value="OpenJDK Server VM"/>
    <property name="localRepository" value="C:\Users\SANJAY PAUL\.m2\repository"/>
    <property name="java.vendor.url.bug" value="http://bugreport.sun.com/bugreport/"/>
    <property name="java.io.tmpdir" value="C:\Users\SANJAY~1\AppData\Local\Temp\"/>
    <property name="java.version" value="1.8.0-262"/>
    <property name="user.dir" value="D:\java workspace\SendingMailFromExcell"/>
    <property name="os.arch" value="x86"/>
    <property name="java.vm.specification.name" value="Java Virtual Machine Specification"/>
    <property name="java.awt.printerjob" value="sun.awt.windows.WPrinterJob"/>
    <property name="sun.os.patch.level" value=""/>
    <property name="java.library.path" value="C:\Users\SANJAY PAUL\Downloads\openlogic-openjdk-8u262-b10-windows-x32\openlogic-openjdk-8u262-b10-win-32\jre\bin;C:\WINDOWS\Sun\Java\bin;C:\WINDOWS\system32;C:\WINDOWS;D:/java practce/bin/server;D:/java practce/bin;C:\Program Files (x86)\Intel\iCLS Client\;C:\Program Files\Intel\iCLS Client\;C:\WINDOWS\system32;C:\WINDOWS;C:\WINDOWS\System32\Wbem;C:\WINDOWS\System32\WindowsPowerShell\v1.0\;C:\Program Files (x86)\Intel\Intel(R) Management Engine Components\DAL;C:\Program Files\Intel\Intel(R) Management Engine Components\DAL;C:\Program Files (x86)\Intel\Intel(R) Management Engine Components\IPT;C:\Program Files\Intel\Intel(R) Management Engine Components\IPT;C:\WINDOWS\System32\OpenSSH\;C:\strawberry\c\bin;C:\strawberry\perl\bin;C:\Program Files\Polyspace\R2020a\runtime\win64;C:\Program Files\Polyspace\R2020a\bin;C:\Program Files\Polyspace\R2020a\polyspace\bin;D:\mysql-8.0.21-winx64\bin;C:\Users\SANJAY PAUL\Downloads\apache-maven-3.6.3-bin\apache-maven-3.6.3\bin;%JAVA_HOME%\bin;VC:\Users\SANJAY PAUL\Downloads\apache-maven-3.6.3-bin\apache-maven-3.6.3\bin;D:\java practce\bin;C:\Program Files\MySQL\MySQL Shell 8.0\bin\;C:\Users\SANJAY PAUL\AppData\Local\Microsoft\WindowsApps;D:\java practce\bin;C:\Users\SANJAY PAUL\AppData\Local\GitHubDesktop\bin;C:\Users\SANJAY PAUL\Desktop;;."/>
    <property name="java.vm.info" value="mixed mode"/>
    <property name="java.vendor" value="OpenLogic-OpenJDK"/>
    <property name="java.vm.version" value="25.71-b10"/>
    <property name="java.ext.dirs" value="C:\Users\SANJAY PAUL\Downloads\openlogic-openjdk-8u262-b10-windows-x32\openlogic-openjdk-8u262-b10-win-32\jre\lib\ext;C:\WINDOWS\Sun\Java\lib\ext"/>
    <property name="sun.io.unicode.encoding" value="UnicodeLittle"/>
    <property name="java.class.version" value="52.0"/>
  </properties>
  <testcase name="shouldAnswerWithTrue" classname="com.crackjob.fellowcoders.SendingMailFromExcell.AppTest" time="0.01"/>
</testsuite>